e:\programming\fsx\current iteration\g19 dynamic applet\dll\g19 dynamic applet dll\debug\g19 dynamic applet dll.pch
e:\programming\fsx\current iteration\g19 dynamic applet\dll\g19 dynamic applet dll\debug\vc120.pdb
e:\programming\fsx\current iteration\g19 dynamic applet\dll\g19 dynamic applet dll\debug\vc120.idb
e:\programming\fsx\current iteration\g19 dynamic applet\dll\g19 dynamic applet dll\debug\stdafx.obj
e:\programming\fsx\current iteration\g19 dynamic applet\dll\g19 dynamic applet dll\debug\g19 dynamic applet dll.obj
e:\programming\fsx\current iteration\g19 dynamic applet\dll\g19 dynamic applet dll\debug\inputhandler.obj
e:\programming\fsx\current iteration\g19 dynamic applet\dll\g19 dynamic applet dll\debug\lcdbase.obj
e:\programming\fsx\current iteration\g19 dynamic applet\dll\g19 dynamic applet dll\debug\factory.obj
e:\programming\fsx\current iteration\g19 dynamic applet\dll\g19 dynamic applet dll\debug\focushandler.obj
e:\programming\fsx\current iteration\g19 dynamic applet\dll\g19 dynamic applet dll\debug\fsm.obj
e:\programming\fsx\current iteration\g19 dynamic applet\dll\g19 dynamic applet dll\debug\genericfsm.obj
e:\programming\fsx\current iteration\g19 dynamic applet\dll\g19 dynamic applet dll\debug\handler.obj
e:\programming\fsx\current iteration\g19 dynamic applet\dll\g19 dynamic applet dll\debug\interfacehandler.obj
e:\programming\fsx\current iteration\g19 dynamic applet\dll\g19 dynamic applet dll\debug\lcddialoge.obj
e:\programming\fsx\current iteration\g19 dynamic applet\dll\g19 dynamic applet dll\debug\lcdinteractable.obj
e:\programming\fsx\current iteration\g19 dynamic applet\dll\g19 dynamic applet dll\debug\lcdmodule.obj
e:\programming\fsx\current iteration\g19 dynamic applet\dll\g19 dynamic applet dll\debug\lcdpopup.obj
e:\programming\fsx\current iteration\g19 dynamic applet\dll\g19 dynamic applet dll\debug\lcdsettings.obj
e:\programming\fsx\current iteration\g19 dynamic applet\dll\g19 dynamic applet dll\debug\objecthandler.obj
e:\programming\fsx\current iteration\g19 dynamic applet\dll\g19 dynamic applet dll\debug\scripthandler.obj
e:\programming\fsx\current iteration\g19 dynamic applet\dll\g19 dynamic applet dll\debug\eventhandler.obj
e:\programming\fsx\current iteration\g19 dynamic applet\dll\g19 dynamic applet dll\debug\lcdbutton.obj
e:\programming\fsx\current iteration\g19 dynamic applet\dll\g19 dynamic applet dll\debug\lcdtab.obj
e:\programming\fsx\current iteration\g19 dynamic applet\dll\g19 dynamic applet dll\debug\lcdtext.obj
e:\programming\fsx\current iteration\g19 dynamic applet\dll\g19 dynamic applet dll\debug\messagehandler.obj
e:\programming\fsx\current iteration\g19 dynamic applet\dll\g19 dynamic applet dll\debug\lcdcontainer.obj
e:\programming\fsx\current iteration\g19 dynamic applet\dll\g19 dynamic applet dll\debug\lcdwindow.obj
e:\programming\fsx\current iteration\g19 dynamic applet\dll\g19 dynamic applet dll\debug\lcdbitmap.obj
e:\programming\fsx\current iteration\g19 dynamic applet\dll\g19 dynamic applet dll\debug\lcdpage.obj
e:\programming\fsx\current iteration\g19 dynamic applet\dll\g19 dynamic applet dll\debug\lcdscript.obj
e:\programming\fsx\current iteration\g19 dynamic applet\dll\g19 dynamic applet dll\debug\lcdapplet.obj
e:\programming\fsx\current iteration\g19 dynamic applet\debug\g19 dynamic applet dll.ilk
e:\programming\fsx\current iteration\g19 dynamic applet\debug\g19 dynamic applet dll.dll
e:\programming\fsx\current iteration\g19 dynamic applet\debug\g19 dynamic applet dll.pdb
e:\programming\fsx\current iteration\g19 dynamic applet\dll\g19 dynamic applet dll\debug\g19 dyna.ce5ea582.tlog\cl.command.1.tlog
e:\programming\fsx\current iteration\g19 dynamic applet\dll\g19 dynamic applet dll\debug\g19 dyna.ce5ea582.tlog\cl.read.1.tlog
e:\programming\fsx\current iteration\g19 dynamic applet\dll\g19 dynamic applet dll\debug\g19 dyna.ce5ea582.tlog\cl.write.1.tlog
e:\programming\fsx\current iteration\g19 dynamic applet\dll\g19 dynamic applet dll\debug\g19 dyna.ce5ea582.tlog\link.command.1.tlog
e:\programming\fsx\current iteration\g19 dynamic applet\dll\g19 dynamic applet dll\debug\g19 dyna.ce5ea582.tlog\link.read.1.tlog
e:\programming\fsx\current iteration\g19 dynamic applet\dll\g19 dynamic applet dll\debug\g19 dyna.ce5ea582.tlog\link.write.1.tlog
